<?xml version="1.0" encoding="UTF-8"?>
<!-- Generated by org.testng.reporters.JUnitXMLReporter -->
<testsuite ignored="2" hostname="LAPTOP-9BPIEQ2U" failures="0" tests="2" name="Test" time="10.126" errors="0" timestamp="2022-07-19T19:16:34 IST">
  <testcase classname="test.LoginTest1" name="login" time="8.347"/>
  <testcase classname="test.HomeTest1" name="logout" time="1.682"/>
  <testcase classname="test.BaseTest" name="@BeforeSuite initBrowser" time="0.0">
    <ignored/>
  </testcase> <!-- @BeforeSuite initBrowser -->
  <testcase classname="test.BaseTest" name="@AfterSuite tearDown" time="0.0">
    <ignored/>
  </testcase> <!-- @AfterSuite tearDown -->
</testsuite> <!-- Test -->
