<?xml version="1.0" encoding="UTF-8"?>
<testng-results ignored="2" total="4" passed="2" failed="0" skipped="0">
  <reporter-output>
  </reporter-output>
  <suite started-at="2022-07-19T19:16:24 IST" name="Suite" finished-at="2022-07-19T19:16:34 IST" duration-ms="10126">
    <groups>
    </groups>
    <test started-at="2022-07-19T19:16:24 IST" name="Test" finished-at="2022-07-19T19:16:34 IST" duration-ms="10126">
      <class name="test.HomeTest1">
        <test-method is-config="true" signature="initObject()[pri:0, instance:test.HomeTest1@42a48628]" started-at="2022-07-19T19:16:33 IST" name="initObject" finished-at="2022-07-19T19:16:33 IST" duration-ms="3" status="PASS">
          <reporter-output>
          </reporter-output>
        </test-method> <!-- initObject -->
        <test-method signature="logout()[pri:0, instance:test.HomeTest1@42a48628]" started-at="2022-07-19T19:16:33 IST" name="logout" finished-at="2022-07-19T19:16:34 IST" duration-ms="1682" status="PASS">
          <reporter-output>
          </reporter-output>
        </test-method> <!-- logout -->
      </class> <!-- test.HomeTest1 -->
      <class name="test.LoginTest1">
        <test-method is-config="true" signature="initBrowser()[pri:0, instance:test.LoginTest1@2f9f7dcf]" started-at="2022-07-19T19:16:17 IST" name="initBrowser" finished-at="2022-07-19T19:16:24 IST" duration-ms="6942" status="PASS">
          <reporter-output>
          </reporter-output>
        </test-method> <!-- initBrowser -->
        <test-method is-config="true" signature="initObject()[pri:0, instance:test.LoginTest1@2f9f7dcf]" started-at="2022-07-19T19:16:24 IST" name="initObject" finished-at="2022-07-19T19:16:24 IST" duration-ms="31" status="PASS">
          <reporter-output>
          </reporter-output>
        </test-method> <!-- initObject -->
        <test-method signature="login()[pri:0, instance:test.LoginTest1@2f9f7dcf]" started-at="2022-07-19T19:16:24 IST" name="login" finished-at="2022-07-19T19:16:33 IST" duration-ms="8347" status="PASS">
          <reporter-output>
          </reporter-output>
        </test-method> <!-- login -->
        <test-method is-config="true" signature="tearDown()[pri:0, instance:test.LoginTest1@2f9f7dcf]" started-at="2022-07-19T19:16:34 IST" name="tearDown" finished-at="2022-07-19T19:16:35 IST" duration-ms="258" status="PASS">
          <reporter-output>
          </reporter-output>
        </test-method> <!-- tearDown -->
      </class> <!-- test.LoginTest1 -->
    </test> <!-- Test -->
  </suite> <!-- Suite -->
</testng-results>
